{
  message: '\x1B[33mDatabase is connected successfully\x1B[39m',
  level: 'info',
  label: 'PB',
  timestamp: '2023-08-15T17:05:55.305Z'
}
{
  message: '\x1B[33mApplication listening on port 5000\x1B[39m',
  level: 'info',
  label: 'PB',
  timestamp: '2023-08-15T17:05:55.363Z'
}
{
  message: '\x1B[33mDatabase is connected successfully\x1B[39m',
  level: 'info',
  label: 'PB',
  timestamp: '2023-08-15T17:06:05.184Z'
}
{
  message: '\x1B[33mApplication listening on port 5000\x1B[39m',
  level: 'info',
  label: 'PB',
  timestamp: '2023-08-15T17:06:05.220Z'
}
{
  message: '\x1B[33mDatabase is connected successfully\x1B[39m',
  level: 'info',
  label: 'PB',
  timestamp: '2023-08-15T17:07:29.250Z'
}
{
  message: '\x1B[33mApplication listening on port 5000\x1B[39m',
  level: 'info',
  label: 'PB',
  timestamp: '2023-08-15T17:07:29.269Z'
}
{
  message: '\x1B[33mDatabase is connected successfully\x1B[39m',
  level: 'info',
  label: 'PB',
  timestamp: '2023-08-15T17:07:42.589Z'
}
{
  message: '\x1B[33mApplication listening on port 5000\x1B[39m',
  level: 'info',
  label: 'PB',
  timestamp: '2023-08-15T17:07:42.610Z'
}
{
  message: '\x1B[33mDatabase is connected successfully\x1B[39m',
  level: 'info',
  label: 'PB',
  timestamp: '2023-08-15T17:07:49.367Z'
}
{
  message: '\x1B[33mApplication listening on port 5000\x1B[39m',
  level: 'info',
  label: 'PB',
  timestamp: '2023-08-15T17:07:49.394Z'
}
{
  message: '\x1B[33mDatabase is connected successfully\x1B[39m',
  level: 'info',
  label: 'PB',
  timestamp: '2023-08-15T17:25:30.316Z'
}
{
  message: '\x1B[33mApplication listening on port 5000\x1B[39m',
  level: 'info',
  label: 'PB',
  timestamp: '2023-08-15T17:25:30.348Z'
}
{
  message: '\x1B[33mDatabase is connected successfully\x1B[39m',
  level: 'info',
  label: 'PB',
  timestamp: '2023-08-15T17:29:11.272Z'
}
{
  message: '\x1B[33mApplication listening on port 5000\x1B[39m',
  level: 'info',
  label: 'PB',
  timestamp: '2023-08-15T17:29:11.675Z'
}
{
  message: '\x1B[33mDatabase is connected successfully\x1B[39m',
  level: 'info',
  label: 'PB',
  timestamp: '2023-08-15T17:29:40.224Z'
}
{
  message: '\x1B[33mApplication listening on port 5000\x1B[39m',
  level: 'info',
  label: 'PB',
  timestamp: '2023-08-15T17:29:40.255Z'
}
{
  message: '\x1B[33mDatabase is connected successfully\x1B[39m',
  level: 'info',
  label: 'PB',
  timestamp: '2023-08-15T17:30:54.505Z'
}
{
  message: '\x1B[33mApplication listening on port 5000\x1B[39m',
  level: 'info',
  label: 'PB',
  timestamp: '2023-08-15T17:30:54.553Z'
}
{
  message: '\x1B[33mDatabase is connected successfully\x1B[39m',
  level: 'info',
  label: 'PB',
  timestamp: '2023-08-15T17:31:14.031Z'
}
{
  message: '\x1B[33mApplication listening on port 5000\x1B[39m',
  level: 'info',
  label: 'PB',
  timestamp: '2023-08-15T17:31:14.069Z'
}
{
  message: '\x1B[33mDatabase is connected successfully\x1B[39m',
  level: 'info',
  label: 'PB',
  timestamp: '2023-08-15T17:31:30.424Z'
}
{
  message: '\x1B[33mApplication listening on port 5000\x1B[39m',
  level: 'info',
  label: 'PB',
  timestamp: '2023-08-15T17:31:30.439Z'
}
{
  message: '\x1B[33mDatabase is connected successfully\x1B[39m',
  level: 'info',
  label: 'PB',
  timestamp: '2023-08-15T17:31:43.401Z'
}
{
  message: '\x1B[33mApplication listening on port 5000\x1B[39m',
  level: 'info',
  label: 'PB',
  timestamp: '2023-08-15T17:31:43.424Z'
}
{
  message: '\x1B[33mDatabase is connected successfully\x1B[39m',
  level: 'info',
  label: 'PB',
  timestamp: '2023-08-15T17:31:55.565Z'
}
{
  message: '\x1B[33mApplication listening on port 5000\x1B[39m',
  level: 'info',
  label: 'PB',
  timestamp: '2023-08-15T17:31:55.580Z'
}
{
  message: '\x1B[33mDatabase is connected successfully\x1B[39m',
  level: 'info',
  label: 'PB',
  timestamp: '2023-08-15T17:32:02.002Z'
}
{
  message: '\x1B[33mApplication listening on port 5000\x1B[39m',
  level: 'info',
  label: 'PB',
  timestamp: '2023-08-15T17:32:02.036Z'
}
{
  message: '\x1B[33mDatabase is connected successfully\x1B[39m',
  level: 'info',
  label: 'PB',
  timestamp: '2023-08-15T17:32:08.714Z'
}
{
  message: '\x1B[33mApplication listening on port 5000\x1B[39m',
  level: 'info',
  label: 'PB',
  timestamp: '2023-08-15T17:32:08.739Z'
}
{
  message: '\x1B[33mDatabase is connected successfully\x1B[39m',
  level: 'info',
  label: 'PB',
  timestamp: '2023-08-15T17:32:26.402Z'
}
{
  message: '\x1B[33mApplication listening on port 5000\x1B[39m',
  level: 'info',
  label: 'PB',
  timestamp: '2023-08-15T17:32:26.427Z'
}
{
  message: '\x1B[33mDatabase is connected successfully\x1B[39m',
  level: 'info',
  label: 'PB',
  timestamp: '2023-08-15T17:33:00.877Z'
}
{
  message: '\x1B[33mApplication listening on port 5000\x1B[39m',
  level: 'info',
  label: 'PB',
  timestamp: '2023-08-15T17:33:00.936Z'
}
{
  message: '\x1B[33mDatabase is connected successfully\x1B[39m',
  level: 'info',
  label: 'PB',
  timestamp: '2023-08-15T17:33:46.861Z'
}
{
  message: '\x1B[33mApplication listening on port 5000\x1B[39m',
  level: 'info',
  label: 'PB',
  timestamp: '2023-08-15T17:33:46.904Z'
}
{
  message: '\x1B[33mDatabase is connected successfully\x1B[39m',
  level: 'info',
  label: 'PB',
  timestamp: '2023-08-15T17:33:57.255Z'
}
{
  message: '\x1B[33mApplication listening on port 5000\x1B[39m',
  level: 'info',
  label: 'PB',
  timestamp: '2023-08-15T17:33:57.269Z'
}
{
  message: '\x1B[33mDatabase is connected successfully\x1B[39m',
  level: 'info',
  label: 'PB',
  timestamp: '2023-08-15T17:35:17.197Z'
}
{
  message: '\x1B[33mApplication listening on port 5000\x1B[39m',
  level: 'info',
  label: 'PB',
  timestamp: '2023-08-15T17:35:17.233Z'
}
{
  message: '\x1B[33mDatabase is connected successfully\x1B[39m',
  level: 'info',
  label: 'PB',
  timestamp: '2023-08-15T17:35:25.574Z'
}
{
  message: '\x1B[33mApplication listening on port 5000\x1B[39m',
  level: 'info',
  label: 'PB',
  timestamp: '2023-08-15T17:35:25.602Z'
}
{
  message: '\x1B[33mDatabase is connected successfully\x1B[39m',
  level: 'info',
  label: 'PB',
  timestamp: '2023-08-15T17:35:32.769Z'
}
{
  message: '\x1B[33mApplication listening on port 5000\x1B[39m',
  level: 'info',
  label: 'PB',
  timestamp: '2023-08-15T17:35:32.942Z'
}
{
  message: '\x1B[33mDatabase is connected successfully\x1B[39m',
  level: 'info',
  label: 'PB',
  timestamp: '2023-08-15T17:36:04.238Z'
}
{
  message: '\x1B[33mApplication listening on port 5000\x1B[39m',
  level: 'info',
  label: 'PB',
  timestamp: '2023-08-15T17:36:04.256Z'
}
{
  message: '\x1B[33mDatabase is connected successfully\x1B[39m',
  level: 'info',
  label: 'PB',
  timestamp: '2023-08-15T17:36:42.960Z'
}
{
  message: '\x1B[33mApplication listening on port 5000\x1B[39m',
  level: 'info',
  label: 'PB',
  timestamp: '2023-08-15T17:36:42.998Z'
}
{
  message: '\x1B[33mDatabase is connected successfully\x1B[39m',
  level: 'info',
  label: 'PB',
  timestamp: '2023-08-15T17:37:07.291Z'
}
{
  message: '\x1B[33mApplication listening on port 5000\x1B[39m',
  level: 'info',
  label: 'PB',
  timestamp: '2023-08-15T17:37:07.311Z'
}
{
  message: '\x1B[33mDatabase is connected successfully\x1B[39m',
  level: 'info',
  label: 'PB',
  timestamp: '2023-08-15T17:39:05.039Z'
}
{
  message: '\x1B[33mApplication listening on port 5000\x1B[39m',
  level: 'info',
  label: 'PB',
  timestamp: '2023-08-15T17:39:05.071Z'
}
{
  message: '\x1B[33mDatabase is connected successfully\x1B[39m',
  level: 'info',
  label: 'PB',
  timestamp: '2023-08-15T17:39:18.427Z'
}
{
  message: '\x1B[33mApplication listening on port 5000\x1B[39m',
  level: 'info',
  label: 'PB',
  timestamp: '2023-08-15T17:39:18.444Z'
}
{
  message: '\x1B[33mDatabase is connected successfully\x1B[39m',
  level: 'info',
  label: 'PB',
  timestamp: '2023-08-15T17:39:50.104Z'
}
{
  message: '\x1B[33mApplication listening on port 5000\x1B[39m',
  level: 'info',
  label: 'PB',
  timestamp: '2023-08-15T17:39:50.141Z'
}
{
  message: '\x1B[33mDatabase is connected successfully\x1B[39m',
  level: 'info',
  label: 'PB',
  timestamp: '2023-08-15T17:40:04.736Z'
}
{
  message: '\x1B[33mApplication listening on port 5000\x1B[39m',
  level: 'info',
  label: 'PB',
  timestamp: '2023-08-15T17:40:04.772Z'
}
{
  message: '\x1B[33mDatabase is connected successfully\x1B[39m',
  level: 'info',
  label: 'PB',
  timestamp: '2023-08-15T17:43:13.555Z'
}
{
  message: '\x1B[33mApplication listening on port 5000\x1B[39m',
  level: 'info',
  label: 'PB',
  timestamp: '2023-08-15T17:43:13.626Z'
}
