{
  message: '\x1B[33mDatabase is connected successfully\x1B[39m',
  level: 'info',
  label: 'PB',
  timestamp: '2023-08-22T17:06:43.964Z'
}
{
  message: '\x1B[33mApplication listening on port 5000\x1B[39m',
  level: 'info',
  label: 'PB',
  timestamp: '2023-08-22T17:06:44.027Z'
}
{
  message: '\x1B[33mDatabase is connected successfully\x1B[39m',
  level: 'info',
  label: 'PB',
  timestamp: '2023-08-22T17:09:08.075Z'
}
{
  message: '\x1B[33mApplication listening on port 5000\x1B[39m',
  level: 'info',
  label: 'PB',
  timestamp: '2023-08-22T17:09:08.112Z'
}
{
  message: '\x1B[33mDatabase is connected successfully\x1B[39m',
  level: 'info',
  label: 'PB',
  timestamp: '2023-08-22T17:09:22.232Z'
}
{
  message: '\x1B[33mApplication listening on port 5000\x1B[39m',
  level: 'info',
  label: 'PB',
  timestamp: '2023-08-22T17:09:22.267Z'
}
{
  message: '\x1B[33mDatabase is connected successfully\x1B[39m',
  level: 'info',
  label: 'PB',
  timestamp: '2023-08-22T17:11:20.026Z'
}
{
  message: '\x1B[33mApplication listening on port 5000\x1B[39m',
  level: 'info',
  label: 'PB',
  timestamp: '2023-08-22T17:11:20.044Z'
}
{
  message: '\x1B[33mDatabase is connected successfully\x1B[39m',
  level: 'info',
  label: 'PB',
  timestamp: '2023-08-22T17:11:41.664Z'
}
{
  message: '\x1B[33mApplication listening on port 5000\x1B[39m',
  level: 'info',
  label: 'PB',
  timestamp: '2023-08-22T17:11:41.698Z'
}
{
  message: '\x1B[33mDatabase is connected successfully\x1B[39m',
  level: 'info',
  label: 'PB',
  timestamp: '2023-08-22T17:11:51.066Z'
}
{
  message: '\x1B[33mApplication listening on port 5000\x1B[39m',
  level: 'info',
  label: 'PB',
  timestamp: '2023-08-22T17:11:51.110Z'
}
{
  message: '\x1B[33mDatabase is connected successfully\x1B[39m',
  level: 'info',
  label: 'PB',
  timestamp: '2023-08-22T17:11:55.263Z'
}
{
  message: '\x1B[33mApplication listening on port 5000\x1B[39m',
  level: 'info',
  label: 'PB',
  timestamp: '2023-08-22T17:11:55.302Z'
}
{
  message: '\x1B[33mDatabase is connected successfully\x1B[39m',
  level: 'info',
  label: 'PB',
  timestamp: '2023-08-22T17:13:08.958Z'
}
{
  message: '\x1B[33mApplication listening on port 5000\x1B[39m',
  level: 'info',
  label: 'PB',
  timestamp: '2023-08-22T17:13:08.980Z'
}
{
  message: '\x1B[33mDatabase is connected successfully\x1B[39m',
  level: 'info',
  label: 'PB',
  timestamp: '2023-08-22T17:13:13.902Z'
}
{
  message: '\x1B[33mApplication listening on port 5000\x1B[39m',
  level: 'info',
  label: 'PB',
  timestamp: '2023-08-22T17:13:13.926Z'
}
{
  message: '\x1B[33mDatabase is connected successfully\x1B[39m',
  level: 'info',
  label: 'PB',
  timestamp: '2023-08-22T17:13:17.242Z'
}
{
  message: '\x1B[33mApplication listening on port 5000\x1B[39m',
  level: 'info',
  label: 'PB',
  timestamp: '2023-08-22T17:13:17.277Z'
}
{
  message: '\x1B[33mDatabase is connected successfully\x1B[39m',
  level: 'info',
  label: 'PB',
  timestamp: '2023-08-22T17:13:46.355Z'
}
{
  message: '\x1B[33mApplication listening on port 5000\x1B[39m',
  level: 'info',
  label: 'PB',
  timestamp: '2023-08-22T17:13:46.399Z'
}
{
  message: '\x1B[33mDatabase is connected successfully\x1B[39m',
  level: 'info',
  label: 'PB',
  timestamp: '2023-08-22T17:13:52.654Z'
}
{
  message: '\x1B[33mApplication listening on port 5000\x1B[39m',
  level: 'info',
  label: 'PB',
  timestamp: '2023-08-22T17:13:52.684Z'
}
{
  message: '\x1B[33mDatabase is connected successfully\x1B[39m',
  level: 'info',
  label: 'PB',
  timestamp: '2023-08-22T17:14:52.265Z'
}
{
  message: '\x1B[33mApplication listening on port 5000\x1B[39m',
  level: 'info',
  label: 'PB',
  timestamp: '2023-08-22T17:14:52.306Z'
}
{
  message: '\x1B[33mDatabase is connected successfully\x1B[39m',
  level: 'info',
  label: 'PB',
  timestamp: '2023-08-22T17:15:01.833Z'
}
{
  message: '\x1B[33mApplication listening on port 5000\x1B[39m',
  level: 'info',
  label: 'PB',
  timestamp: '2023-08-22T17:15:01.885Z'
}
{
  message: '\x1B[33mDatabase is connected successfully\x1B[39m',
  level: 'info',
  label: 'PB',
  timestamp: '2023-08-22T17:16:01.816Z'
}
{
  message: '\x1B[33mApplication listening on port 5000\x1B[39m',
  level: 'info',
  label: 'PB',
  timestamp: '2023-08-22T17:16:01.835Z'
}
{
  message: '\x1B[33mDatabase is connected successfully\x1B[39m',
  level: 'info',
  label: 'PB',
  timestamp: '2023-08-22T17:16:08.340Z'
}
{
  message: '\x1B[33mApplication listening on port 5000\x1B[39m',
  level: 'info',
  label: 'PB',
  timestamp: '2023-08-22T17:16:08.369Z'
}
{
  message: '\x1B[33mDatabase is connected successfully\x1B[39m',
  level: 'info',
  label: 'PB',
  timestamp: '2023-08-22T17:16:24.827Z'
}
{
  message: '\x1B[33mApplication listening on port 5000\x1B[39m',
  level: 'info',
  label: 'PB',
  timestamp: '2023-08-22T17:16:24.871Z'
}
{
  message: '\x1B[33mDatabase is connected successfully\x1B[39m',
  level: 'info',
  label: 'PB',
  timestamp: '2023-08-22T17:17:07.423Z'
}
{
  message: '\x1B[33mApplication listening on port 5000\x1B[39m',
  level: 'info',
  label: 'PB',
  timestamp: '2023-08-22T17:17:07.450Z'
}
{
  message: '\x1B[33mDatabase is connected successfully\x1B[39m',
  level: 'info',
  label: 'PB',
  timestamp: '2023-08-22T17:17:11.521Z'
}
{
  message: '\x1B[33mApplication listening on port 5000\x1B[39m',
  level: 'info',
  label: 'PB',
  timestamp: '2023-08-22T17:17:11.568Z'
}
{
  message: '\x1B[33mDatabase is connected successfully\x1B[39m',
  level: 'info',
  label: 'PB',
  timestamp: '2023-08-22T17:18:31.842Z'
}
{
  message: '\x1B[33mApplication listening on port 5000\x1B[39m',
  level: 'info',
  label: 'PB',
  timestamp: '2023-08-22T17:18:31.871Z'
}
{
  message: '\x1B[33mDatabase is connected successfully\x1B[39m',
  level: 'info',
  label: 'PB',
  timestamp: '2023-08-22T17:18:37.606Z'
}
{
  message: '\x1B[33mApplication listening on port 5000\x1B[39m',
  level: 'info',
  label: 'PB',
  timestamp: '2023-08-22T17:18:37.631Z'
}
{
  message: '\x1B[33mDatabase is connected successfully\x1B[39m',
  level: 'info',
  label: 'PB',
  timestamp: '2023-08-22T17:32:33.195Z'
}
{
  message: '\x1B[33mApplication listening on port 5000\x1B[39m',
  level: 'info',
  label: 'PB',
  timestamp: '2023-08-22T17:32:33.253Z'
}
{
  message: '\x1B[33mDatabase is connected successfully\x1B[39m',
  level: 'info',
  label: 'PB',
  timestamp: '2023-08-22T17:34:26.455Z'
}
{
  message: '\x1B[33mApplication listening on port 5000\x1B[39m',
  level: 'info',
  label: 'PB',
  timestamp: '2023-08-22T17:34:26.501Z'
}
