{
  message: '\x1B[33mDatabase is connected successfully\x1B[39m',
  level: 'info',
  label: 'PB',
  timestamp: '2023-08-18T03:44:29.510Z'
}
{
  message: '\x1B[33mApplication listening on port 5000\x1B[39m',
  level: 'info',
  label: 'PB',
  timestamp: '2023-08-18T03:44:29.543Z'
}
{
  message: '\x1B[33mDatabase is connected successfully\x1B[39m',
  level: 'info',
  label: 'PB',
  timestamp: '2023-08-18T03:44:53.635Z'
}
{
  message: '\x1B[33mApplication listening on port 5000\x1B[39m',
  level: 'info',
  label: 'PB',
  timestamp: '2023-08-18T03:44:53.673Z'
}
{
  message: '\x1B[33mDatabase is connected successfully\x1B[39m',
  level: 'info',
  label: 'PB',
  timestamp: '2023-08-18T03:45:08.921Z'
}
{
  message: '\x1B[33mApplication listening on port 5000\x1B[39m',
  level: 'info',
  label: 'PB',
  timestamp: '2023-08-18T03:45:08.935Z'
}
{
  message: '\x1B[33mDatabase is connected successfully\x1B[39m',
  level: 'info',
  label: 'PB',
  timestamp: '2023-08-18T03:45:33.894Z'
}
{
  message: '\x1B[33mApplication listening on port 5000\x1B[39m',
  level: 'info',
  label: 'PB',
  timestamp: '2023-08-18T03:45:33.929Z'
}
{
  message: '\x1B[33mDatabase is connected successfully\x1B[39m',
  level: 'info',
  label: 'PB',
  timestamp: '2023-08-18T03:51:56.129Z'
}
{
  message: '\x1B[33mApplication listening on port 5000\x1B[39m',
  level: 'info',
  label: 'PB',
  timestamp: '2023-08-18T03:51:56.174Z'
}
{
  message: '\x1B[33mDatabase is connected successfully\x1B[39m',
  level: 'info',
  label: 'PB',
  timestamp: '2023-08-18T03:52:06.142Z'
}
{
  message: '\x1B[33mApplication listening on port 5000\x1B[39m',
  level: 'info',
  label: 'PB',
  timestamp: '2023-08-18T03:52:06.156Z'
}
{
  message: '\x1B[33mDatabase is connected successfully\x1B[39m',
  level: 'info',
  label: 'PB',
  timestamp: '2023-08-18T03:52:16.147Z'
}
{
  message: '\x1B[33mApplication listening on port 5000\x1B[39m',
  level: 'info',
  label: 'PB',
  timestamp: '2023-08-18T03:52:16.181Z'
}
{
  message: '\x1B[33mDatabase is connected successfully\x1B[39m',
  level: 'info',
  label: 'PB',
  timestamp: '2023-08-18T03:52:32.855Z'
}
{
  message: '\x1B[33mApplication listening on port 5000\x1B[39m',
  level: 'info',
  label: 'PB',
  timestamp: '2023-08-18T03:52:32.896Z'
}
{
  message: '\x1B[33mDatabase is connected successfully\x1B[39m',
  level: 'info',
  label: 'PB',
  timestamp: '2023-08-18T03:52:36.527Z'
}
{
  message: '\x1B[33mApplication listening on port 5000\x1B[39m',
  level: 'info',
  label: 'PB',
  timestamp: '2023-08-18T03:52:36.551Z'
}
{
  message: '\x1B[33mDatabase is connected successfully\x1B[39m',
  level: 'info',
  label: 'PB',
  timestamp: '2023-08-18T03:53:07.652Z'
}
{
  message: '\x1B[33mApplication listening on port 5000\x1B[39m',
  level: 'info',
  label: 'PB',
  timestamp: '2023-08-18T03:53:07.685Z'
}
{
  message: '\x1B[33mDatabase is connected successfully\x1B[39m',
  level: 'info',
  label: 'PB',
  timestamp: '2023-08-18T03:53:26.463Z'
}
{
  message: '\x1B[33mApplication listening on port 5000\x1B[39m',
  level: 'info',
  label: 'PB',
  timestamp: '2023-08-18T03:53:26.484Z'
}
{
  message: '\x1B[33mDatabase is connected successfully\x1B[39m',
  level: 'info',
  label: 'PB',
  timestamp: '2023-08-18T03:53:37.467Z'
}
{
  message: '\x1B[33mApplication listening on port 5000\x1B[39m',
  level: 'info',
  label: 'PB',
  timestamp: '2023-08-18T03:53:37.483Z'
}
