{
  message: '\x1B[33mDatabase is connected successfully\x1B[39m',
  level: 'info',
  label: 'PB',
  timestamp: '2023-08-17T17:01:22.163Z'
}
{
  message: '\x1B[33mApplication listening on port 5000\x1B[39m',
  level: 'info',
  label: 'PB',
  timestamp: '2023-08-17T17:01:22.238Z'
}
{
  message: '\x1B[33mDatabase is connected successfully\x1B[39m',
  level: 'info',
  label: 'PB',
  timestamp: '2023-08-17T17:03:18.594Z'
}
{
  message: '\x1B[33mApplication listening on port 5000\x1B[39m',
  level: 'info',
  label: 'PB',
  timestamp: '2023-08-17T17:03:18.665Z'
}
{
  message: '\x1B[33mDatabase is connected successfully\x1B[39m',
  level: 'info',
  label: 'PB',
  timestamp: '2023-08-17T17:03:47.352Z'
}
{
  message: '\x1B[33mApplication listening on port 5000\x1B[39m',
  level: 'info',
  label: 'PB',
  timestamp: '2023-08-17T17:03:47.389Z'
}
{
  message: '\x1B[33mDatabase is connected successfully\x1B[39m',
  level: 'info',
  label: 'PB',
  timestamp: '2023-08-17T17:06:30.126Z'
}
{
  message: '\x1B[33mApplication listening on port 5000\x1B[39m',
  level: 'info',
  label: 'PB',
  timestamp: '2023-08-17T17:06:30.165Z'
}
{
  message: '\x1B[33mDatabase is connected successfully\x1B[39m',
  level: 'info',
  label: 'PB',
  timestamp: '2023-08-17T17:07:09.074Z'
}
{
  message: '\x1B[33mApplication listening on port 5000\x1B[39m',
  level: 'info',
  label: 'PB',
  timestamp: '2023-08-17T17:07:09.146Z'
}
{
  message: '\x1B[33mDatabase is connected successfully\x1B[39m',
  level: 'info',
  label: 'PB',
  timestamp: '2023-08-17T17:07:24.763Z'
}
{
  message: '\x1B[33mApplication listening on port 5000\x1B[39m',
  level: 'info',
  label: 'PB',
  timestamp: '2023-08-17T17:07:24.800Z'
}
{
  message: '\x1B[33mDatabase is connected successfully\x1B[39m',
  level: 'info',
  label: 'PB',
  timestamp: '2023-08-17T17:07:31.100Z'
}
{
  message: '\x1B[33mApplication listening on port 5000\x1B[39m',
  level: 'info',
  label: 'PB',
  timestamp: '2023-08-17T17:07:31.136Z'
}
{
  message: '\x1B[33mDatabase is connected successfully\x1B[39m',
  level: 'info',
  label: 'PB',
  timestamp: '2023-08-17T17:08:10.100Z'
}
{
  message: '\x1B[33mApplication listening on port 5000\x1B[39m',
  level: 'info',
  label: 'PB',
  timestamp: '2023-08-17T17:08:10.140Z'
}
{
  message: '\x1B[33mDatabase is connected successfully\x1B[39m',
  level: 'info',
  label: 'PB',
  timestamp: '2023-08-17T17:08:16.397Z'
}
{
  message: '\x1B[33mApplication listening on port 5000\x1B[39m',
  level: 'info',
  label: 'PB',
  timestamp: '2023-08-17T17:08:16.421Z'
}
{
  message: '\x1B[33mDatabase is connected successfully\x1B[39m',
  level: 'info',
  label: 'PB',
  timestamp: '2023-08-17T17:09:33.394Z'
}
{
  message: '\x1B[33mApplication listening on port 5000\x1B[39m',
  level: 'info',
  label: 'PB',
  timestamp: '2023-08-17T17:09:33.429Z'
}
{
  message: '\x1B[33mDatabase is connected successfully\x1B[39m',
  level: 'info',
  label: 'PB',
  timestamp: '2023-08-17T17:12:41.332Z'
}
{
  message: '\x1B[33mApplication listening on port 5000\x1B[39m',
  level: 'info',
  label: 'PB',
  timestamp: '2023-08-17T17:12:41.410Z'
}
{
  message: '\x1B[33mDatabase is connected successfully\x1B[39m',
  level: 'info',
  label: 'PB',
  timestamp: '2023-08-17T17:13:18.770Z'
}
{
  message: '\x1B[33mApplication listening on port 5000\x1B[39m',
  level: 'info',
  label: 'PB',
  timestamp: '2023-08-17T17:13:18.904Z'
}
{
  message: '\x1B[33mDatabase is connected successfully\x1B[39m',
  level: 'info',
  label: 'PB',
  timestamp: '2023-08-17T17:14:35.107Z'
}
{
  message: '\x1B[33mApplication listening on port 5000\x1B[39m',
  level: 'info',
  label: 'PB',
  timestamp: '2023-08-17T17:14:35.124Z'
}
{
  message: '\x1B[33mDatabase is connected successfully\x1B[39m',
  level: 'info',
  label: 'PB',
  timestamp: '2023-08-17T17:16:40.908Z'
}
{
  message: '\x1B[33mApplication listening on port 5000\x1B[39m',
  level: 'info',
  label: 'PB',
  timestamp: '2023-08-17T17:16:40.938Z'
}
{
  message: '\x1B[33mDatabase is connected successfully\x1B[39m',
  level: 'info',
  label: 'PB',
  timestamp: '2023-08-17T17:17:25.776Z'
}
{
  message: '\x1B[33mApplication listening on port 5000\x1B[39m',
  level: 'info',
  label: 'PB',
  timestamp: '2023-08-17T17:17:26.002Z'
}
{
  message: '\x1B[33mDatabase is connected successfully\x1B[39m',
  level: 'info',
  label: 'PB',
  timestamp: '2023-08-17T17:18:14.496Z'
}
{
  message: '\x1B[33mApplication listening on port 5000\x1B[39m',
  level: 'info',
  label: 'PB',
  timestamp: '2023-08-17T17:18:14.528Z'
}
{
  message: '\x1B[33mDatabase is connected successfully\x1B[39m',
  level: 'info',
  label: 'PB',
  timestamp: '2023-08-17T17:18:24.860Z'
}
{
  message: '\x1B[33mApplication listening on port 5000\x1B[39m',
  level: 'info',
  label: 'PB',
  timestamp: '2023-08-17T17:18:24.919Z'
}
{
  message: '\x1B[33mDatabase is connected successfully\x1B[39m',
  level: 'info',
  label: 'PB',
  timestamp: '2023-08-17T17:20:19.997Z'
}
{
  message: '\x1B[33mApplication listening on port 5000\x1B[39m',
  level: 'info',
  label: 'PB',
  timestamp: '2023-08-17T17:20:20.029Z'
}
