{
  message: '\x1B[33mDatabase is connected successfully\x1B[39m',
  level: 'info',
  label: 'PB',
  timestamp: '2023-08-16T06:57:01.764Z'
}
{
  message: '\x1B[33mApplication listening on port 5000\x1B[39m',
  level: 'info',
  label: 'PB',
  timestamp: '2023-08-16T06:57:02.029Z'
}
{
  message: '\x1B[33mDatabase is connected successfully\x1B[39m',
  level: 'info',
  label: 'PB',
  timestamp: '2023-08-16T06:59:04.136Z'
}
{
  message: '\x1B[33mApplication listening on port 5000\x1B[39m',
  level: 'info',
  label: 'PB',
  timestamp: '2023-08-16T06:59:04.157Z'
}
{
  message: '\x1B[33mDatabase is connected successfully\x1B[39m',
  level: 'info',
  label: 'PB',
  timestamp: '2023-08-16T06:59:09.801Z'
}
{
  message: '\x1B[33mApplication listening on port 5000\x1B[39m',
  level: 'info',
  label: 'PB',
  timestamp: '2023-08-16T06:59:09.834Z'
}
{
  message: '\x1B[33mDatabase is connected successfully\x1B[39m',
  level: 'info',
  label: 'PB',
  timestamp: '2023-08-16T06:59:17.546Z'
}
{
  message: '\x1B[33mApplication listening on port 5000\x1B[39m',
  level: 'info',
  label: 'PB',
  timestamp: '2023-08-16T06:59:17.562Z'
}
{
  message: '\x1B[33mDatabase is connected successfully\x1B[39m',
  level: 'info',
  label: 'PB',
  timestamp: '2023-08-16T06:59:45.358Z'
}
{
  message: '\x1B[33mApplication listening on port 5000\x1B[39m',
  level: 'info',
  label: 'PB',
  timestamp: '2023-08-16T06:59:45.394Z'
}
