{
  message: '\x1B[33mDatabase is connected successfully\x1B[39m',
  level: 'info',
  label: 'right meow!',
  timestamp: '2023-08-13T18:06:30.805Z'
}
{
  message: '\x1B[33mApplication listening on port 5000\x1B[39m',
  level: 'info',
  label: 'right meow!',
  timestamp: '2023-08-13T18:06:30.830Z'
}
{
  message: '\x1B[33mDatabase is connected successfully\x1B[39m',
  level: 'info',
  label: 'right meow!',
  timestamp: '2023-08-13T18:06:58.063Z'
}
{
  message: '\x1B[33mApplication listening on port 5000\x1B[39m',
  level: 'info',
  label: 'right meow!',
  timestamp: '2023-08-13T18:06:58.083Z'
}
{
  message: '\x1B[33mDatabase is connected successfully\x1B[39m',
  level: 'info',
  label: 'right meow!',
  timestamp: '2023-08-13T18:07:10.643Z'
}
{
  message: '\x1B[33mApplication listening on port 5000\x1B[39m',
  level: 'info',
  label: 'right meow!',
  timestamp: '2023-08-13T18:07:10.661Z'
}
{
  message: '\x1B[33mDatabase is connected successfully\x1B[39m',
  level: 'info',
  label: 'right meow!',
  timestamp: '2023-08-13T18:09:52.401Z'
}
{
  message: '\x1B[33mApplication listening on port 5000\x1B[39m',
  level: 'info',
  label: 'right meow!',
  timestamp: '2023-08-13T18:09:52.429Z'
}
{
  message: '\x1B[33mDatabase is connected successfully\x1B[39m',
  level: 'info',
  label: 'right meow!',
  timestamp: '2023-08-13T18:10:23.765Z'
}
{
  message: '\x1B[33mApplication listening on port 5000\x1B[39m',
  level: 'info',
  label: 'right meow!',
  timestamp: '2023-08-13T18:10:23.780Z'
}
